<?xml version="1.0" encoding="UTF-8"?>
<!-- Generated by org.testng.reporters.JUnitReportReporter -->
<testsuite hostname="DellRajesh" failures="0" tests="1" name="raj.KeywordDriverProj01.TestClass01" time="4.429" errors="0" timestamp="2022-05-08T12:22:44 IST" skipped="0">
  <testcase classname="raj.KeywordDriverProj01.TestClass01" name="test01" time="4.429"/>
  <system-out/>
</testsuite> <!-- raj.KeywordDriverProj01.TestClass01 -->
